{"C:\\Ramya\\sem 2\\nbad\\dev\\week10\\unit-testing-jest\\js\\cloneArray.js": {"path":"C:\\Ramya\\sem 2\\nbad\\dev\\week10\\unit-testing-jest\\js\\cloneArray.js","statementMap":{"0":{"start":{"line":2,"column":4},"end":{"line":2,"column":21}},"1":{"start":{"line":5,"column":0},"end":{"line":5,"column":27}}},"fnMap":{"0":{"name":"cloneArray","decl":{"start":{"line":1,"column":9},"end":{"line":1,"column":19}},"loc":{"start":{"line":1,"column":26},"end":{"line":3,"column":1}},"line":1}},"branchMap":{},"s":{"0":2,"1":1},"f":{"0":2},"b":{},"_coverageSchema":"1a1c01bbd47fc00a2c39e90264f33305004495a9","hash":"d8999d96d7c8d0938ec7a135f7faeb5a9f00e8b2"}
,"C:\\Ramya\\sem 2\\nbad\\dev\\week10\\unit-testing-jest\\js\\subtract.js": {"path":"C:\\Ramya\\sem 2\\nbad\\dev\\week10\\unit-testing-jest\\js\\subtract.js","statementMap":{"0":{"start":{"line":2,"column":4},"end":{"line":2,"column":16}},"1":{"start":{"line":5,"column":0},"end":{"line":5,"column":25}}},"fnMap":{"0":{"name":"subtract","decl":{"start":{"line":1,"column":9},"end":{"line":1,"column":17}},"loc":{"start":{"line":1,"column":23},"end":{"line":3,"column":1}},"line":1}},"branchMap":{},"s":{"0":1,"1":1},"f":{"0":1},"b":{},"_coverageSchema":"1a1c01bbd47fc00a2c39e90264f33305004495a9","hash":"bcaa394d76e33f7f0b26ec782bf760843629afa7"}
,"C:\\Ramya\\sem 2\\nbad\\dev\\week10\\unit-testing-jest\\js\\sum.js": {"path":"C:\\Ramya\\sem 2\\nbad\\dev\\week10\\unit-testing-jest\\js\\sum.js","statementMap":{"0":{"start":{"line":2,"column":4},"end":{"line":2,"column":16}},"1":{"start":{"line":5,"column":0},"end":{"line":5,"column":20}}},"fnMap":{"0":{"name":"sum","decl":{"start":{"line":1,"column":9},"end":{"line":1,"column":12}},"loc":{"start":{"line":1,"column":18},"end":{"line":3,"column":1}},"line":1}},"branchMap":{},"s":{"0":1,"1":1},"f":{"0":1},"b":{},"_coverageSchema":"1a1c01bbd47fc00a2c39e90264f33305004495a9","hash":"0cf9228e0bce9b46c65119ff7f3743700191953a"}
}
